# JRE version: OpenJDK Runtime Environment Microsoft-8297089 (17.0.8.1+1) (build 17.0.8.1+1-LTS)
# Java VM: OpenJDK 64-Bit Server VM Microsoft-8297089 (17.0.8.1+1-LTS, mixed mode, sharing, tiered, compressed oops, compressed class ptrs, g1 gc, windows-amd64)
GC Precious Log:
 CPUs: 8 total, 8 available
 Memory: 8074M
 Large Page Support: Disabled
 NUMA Support: Disabled
 Compressed Oops: Enabled (32-bit)
 Heap Region Size: 1M
 Heap Min Capacity: 8M
 Heap Initial Capacity: 128M
 Heap Max Capacity: 2G
 Pre-touch: Disabled
 Parallel Workers: 8
 Concurrent Workers: 2
 Concurrent Refinement Workers: 8
 Periodic GC: Disabled
Heap:
 garbage-first heap   total 241664K, used 175167K [0x0000000080000000, 0x0000000100000000)
  region size 1024K, 5 young (5120K), 3 survivors (3072K)
 Metaspace       used 100414K, committed 101504K, reserved 557056K
  class space    used 13862K, committed 14400K, reserved 425984K
GC Heap History (20 events):
Event: 26.186 GC heap before
{Heap before GC invocations=36 (full 0):
 garbage-first heap   total 200704K, used 168225K [0x0000000080000000, 0x0000000100000000)
  region size 1024K, 34 young (34816K), 4 survivors (4096K)
 Metaspace       used 94441K, committed 95360K, reserved 557056K
  class space    used 13087K, committed 13568K, reserved 425984K
}
Event: 26.193 GC heap after
{Heap after GC invocations=37 (full 0):
 garbage-first heap   total 200704K, used 144035K [0x0000000080000000, 0x0000000100000000)
  region size 1024K, 5 young (5120K), 5 survivors (5120K)
 Metaspace       used 94441K, committed 95360K, reserved 557056K
  class space    used 13087K, committed 13568K, reserved 425984K
}
Event: 26.409 GC heap before
{Heap before GC invocations=37 (full 0):
 garbage-first heap   total 200704K, used 168611K [0x0000000080000000, 0x0000000100000000)
  region size 1024K, 30 young (30720K), 5 survivors (5120K)
 Metaspace       used 94738K, committed 95808K, reserved 557056K
  class space    used 13133K, committed 13632K, reserved 425984K
}
Event: 26.418 GC heap after
{Heap after GC invocations=38 (full 0):
 garbage-first heap   total 200704K, used 149681K [0x0000000080000000, 0x0000000100000000)
  region size 1024K, 4 young (4096K), 4 survivors (4096K)
 Metaspace       used 94738K, committed 95808K, reserved 557056K
  class space    used 13133K, committed 13632K, reserved 425984K
}
Event: 26.738 GC heap before
{Heap before GC invocations=38 (full 0):
 garbage-first heap   total 200704K, used 170161K [0x0000000080000000, 0x0000000100000000)
  region size 1024K, 24 young (24576K), 4 survivors (4096K)
 Metaspace       used 97036K, committed 98048K, reserved 557056K
  class space    used 13504K, committed 13952K, reserved 425984K
}
Event: 26.744 GC heap after
{Heap after GC invocations=39 (full 0):
 garbage-first heap   total 200704K, used 152113K [0x0000000080000000, 0x0000000100000000)
  region size 1024K, 2 young (2048K), 2 survivors (2048K)
 Metaspace       used 97036K, committed 98048K, reserved 557056K
  class space    used 13504K, committed 13952K, reserved 425984K
}
Event: 27.121 GC heap before
{Heap before GC invocations=39 (full 0):
 garbage-first heap   total 200704K, used 171569K [0x0000000080000000, 0x0000000100000000)
  region size 1024K, 21 young (21504K), 2 survivors (2048K)
 Metaspace       used 98829K, committed 99904K, reserved 557056K
  class space    used 13706K, committed 14208K, reserved 425984K
}
Event: 27.128 GC heap after
{Heap after GC invocations=40 (full 0):
 garbage-first heap   total 200704K, used 155062K [0x0000000080000000, 0x0000000100000000)
  region size 1024K, 3 young (3072K), 3 survivors (3072K)
 Metaspace       used 98829K, committed 99904K, reserved 557056K
  class space    used 13706K, committed 14208K, reserved 425984K
}
Event: 27.409 GC heap before
{Heap before GC invocations=40 (full 0):
 garbage-first heap   total 200704K, used 171446K [0x0000000080000000, 0x0000000100000000)
  region size 1024K, 19 young (19456K), 3 survivors (3072K)
 Metaspace       used 99094K, committed 100096K, reserved 557056K
  class space    used 13730K, committed 14208K, reserved 425984K
}
Event: 27.416 GC heap after
{Heap after GC invocations=41 (full 0):
 garbage-first heap   total 200704K, used 158720K [0x0000000080000000, 0x0000000100000000)
  region size 1024K, 3 young (3072K), 3 survivors (3072K)
 Metaspace       used 99094K, committed 100096K, reserved 557056K
  class space    used 13730K, committed 14208K, reserved 425984K
}
Event: 27.549 GC heap before
{Heap before GC invocations=41 (full 0):
 garbage-first heap   total 200704K, used 173056K [0x0000000080000000, 0x0000000100000000)
  region size 1024K, 17 young (17408K), 3 survivors (3072K)
 Metaspace       used 99246K, committed 100224K, reserved 557056K
  class space    used 13739K, committed 14208K, reserved 425984K
}
Event: 27.554 GC heap after
{Heap after GC invocations=42 (full 0):
 garbage-first heap   total 200704K, used 162111K [0x0000000080000000, 0x0000000100000000)
  region size 1024K, 3 young (3072K), 3 survivors (3072K)
 Metaspace       used 99246K, committed 100224K, reserved 557056K
  class space    used 13739K, committed 14208K, reserved 425984K
}
Event: 27.655 GC heap before
{Heap before GC invocations=42 (full 0):
 garbage-first heap   total 200704K, used 173375K [0x0000000080000000, 0x0000000100000000)
  region size 1024K, 14 young (14336K), 3 survivors (3072K)
 Metaspace       used 99407K, committed 100416K, reserved 557056K
  class space    used 13757K, committed 14272K, reserved 425984K
}
Event: 27.661 GC heap after
{Heap after GC invocations=43 (full 0):
 garbage-first heap   total 241664K, used 164456K [0x0000000080000000, 0x0000000100000000)
  region size 1024K, 2 young (2048K), 2 survivors (2048K)
 Metaspace       used 99407K, committed 100416K, reserved 557056K
  class space    used 13757K, committed 14272K, reserved 425984K
}
Event: 28.096 GC heap before
{Heap before GC invocations=43 (full 0):
 garbage-first heap   total 241664K, used 196200K [0x0000000080000000, 0x0000000100000000)
  region size 1024K, 34 young (34816K), 2 survivors (2048K)
 Metaspace       used 99855K, committed 100928K, reserved 557056K
  class space    used 13808K, committed 14336K, reserved 425984K
}
Event: 28.101 GC heap after
{Heap after GC invocations=44 (full 0):
 garbage-first heap   total 241664K, used 166843K [0x0000000080000000, 0x0000000100000000)
  region size 1024K, 5 young (5120K), 5 survivors (5120K)
 Metaspace       used 99855K, committed 100928K, reserved 557056K
  class space    used 13808K, committed 14336K, reserved 425984K
}
Event: 28.392 GC heap before
{Heap before GC invocations=44 (full 0):
 garbage-first heap   total 241664K, used 198587K [0x0000000080000000, 0x0000000100000000)
  region size 1024K, 37 young (37888K), 5 survivors (5120K)
 Metaspace       used 100338K, committed 101376K, reserved 557056K
  class space    used 13861K, committed 14400K, reserved 425984K
}
Event: 28.398 GC heap after
{Heap after GC invocations=45 (full 0):
 garbage-first heap   total 241664K, used 170768K [0x0000000080000000, 0x0000000100000000)
  region size 1024K, 5 young (5120K), 5 survivors (5120K)
 Metaspace       used 100338K, committed 101376K, reserved 557056K
  class space    used 13861K, committed 14400K, reserved 425984K
}
Event: 28.588 GC heap before
{Heap before GC invocations=45 (full 0):
 garbage-first heap   total 241664K, used 200464K [0x0000000080000000, 0x0000000100000000)
  region size 1024K, 35 young (35840K), 5 survivors (5120K)
 Metaspace       used 100393K, committed 101440K, reserved 557056K
  class space    used 13862K, committed 14400K, reserved 425984K
}
Event: 28.592 GC heap after
{Heap after GC invocations=46 (full 0):
 garbage-first heap   total 241664K, used 173045K [0x0000000080000000, 0x0000000100000000)
  region size 1024K, 2 young (2048K), 2 survivors (2048K)
 Metaspace       used 100393K, committed 101440K, reserved 557056K
  class space    used 13862K, committed 14400K, reserved 425984K
}

